[INFO] Scanning for projects...
[INFO] ------------------------------------------------------------------------
[INFO] Reactor Build Order:
[INFO] 
[INFO] Drone Delivery :: J2E Backend                                      [pom]
[INFO] Drone Delivery :: Core                                             [jar]
[INFO] Drone Delivery :: DroneFleet Module                                [jar]
[INFO] Drone Delivery :: AvailabilityProcessor Module                     [jar]
[INFO] Drone Delivery :: DeliveryPlanning Module                          [jar]
[INFO] Drone Delivery :: SupplierRegistry Module                          [jar]
[INFO] Drone Delivery :: Accounting Module                                [jar]
[INFO] Drone Delivery :: CommentBoard Module                              [jar]
[INFO] Drone Delivery :: PackageRegistry Module                           [jar]
[INFO] Drone Delivery :: Statistics Module                                [jar]
[INFO] Drone Delivery :: WebServices Module                               [war]
[INFO] 
[INFO] -------------< fr.polytech.team.h:drone-delivery-backend >--------------
[INFO] Building Drone Delivery :: J2E Backend 1.0-SNAPSHOT               [1/11]
[INFO] --------------------------------[ pom ]---------------------------------
[INFO] 
[INFO] --- maven-clean-plugin:2.5:clean (default-clean) @ drone-delivery-backend ---
[INFO] 
[INFO] --- openjpa-maven-plugin:2.4.1:enhance (enhancer) @ drone-delivery-backend ---
[INFO] Skipping sql execution for project with packaging type 'pom'
[INFO] 
[INFO] --- maven-install-plugin:2.4:install (default-install) @ drone-delivery-backend ---
[INFO] Installing C:\Users\Triagon\Desktop\Work\Polytech\ISA-DevOps\DevOps\projet-isa-devops-20-team-H-20\j2e\pom.xml to C:\Users\Triagon\.m2\repository\fr\polytech\team\h\drone-delivery-backend\1.0-SNAPSHOT\drone-delivery-backend-1.0-SNAPSHOT.pom
[INFO] 
[INFO] ----------------------< fr.polytech.team.h:Core >-----------------------
[INFO] Building Drone Delivery :: Core 1.0-SNAPSHOT                      [2/11]
[INFO] --------------------------------[ jar ]---------------------------------
[INFO] 
[INFO] --- maven-clean-plugin:2.5:clean (default-clean) @ Core ---
[INFO] Deleting C:\Users\Triagon\Desktop\Work\Polytech\ISA-DevOps\DevOps\projet-isa-devops-20-team-H-20\j2e\Core\target
[INFO] 
[INFO] --- maven-resources-plugin:2.6:resources (default-resources) @ Core ---
[INFO] Using 'UTF-8' encoding to copy filtered resources.
[INFO] Copying 1 resource
[INFO] 
[INFO] --- maven-compiler-plugin:3.8.0:compile (default-compile) @ Core ---
[INFO] Changes detected - recompiling the module!
[INFO] Compiling 36 source files to C:\Users\Triagon\Desktop\Work\Polytech\ISA-DevOps\DevOps\projet-isa-devops-20-team-H-20\j2e\Core\target\classes
[INFO] 
[INFO] --- openjpa-maven-plugin:2.4.1:enhance (enhancer) @ Core ---
[INFO] 
[INFO] --- maven-resources-plugin:2.6:testResources (default-testResources) @ Core ---
[INFO] Using 'UTF-8' encoding to copy filtered resources.
[INFO] skip non existing resourceDirectory C:\Users\Triagon\Desktop\Work\Polytech\ISA-DevOps\DevOps\projet-isa-devops-20-team-H-20\j2e\Core\src\test\resources
[INFO] 
[INFO] --- maven-compiler-plugin:3.8.0:testCompile (default-testCompile) @ Core ---
[INFO] Changes detected - recompiling the module!
[INFO] Compiling 4 source files to C:\Users\Triagon\Desktop\Work\Polytech\ISA-DevOps\DevOps\projet-isa-devops-20-team-H-20\j2e\Core\target\test-classes
[INFO] 
[INFO] --- maven-surefire-plugin:2.12.4:test (default-test) @ Core ---
[INFO] Surefire report directory: C:\Users\Triagon\Desktop\Work\Polytech\ISA-DevOps\DevOps\projet-isa-devops-20-team-H-20\j2e\Core\target\surefire-reports

-------------------------------------------------------
 T E S T S
-------------------------------------------------------
Running fr.unice.polytech.isa.dd.teamH.entities.DeliveryFactoryTest
Tests run: 4, Failures: 0, Errors: 0, Skipped: 0, Time elapsed: 0.192 sec
Running fr.unice.polytech.isa.dd.teamH.entities.DeliveryTest
Tests run: 1, Failures: 0, Errors: 0, Skipped: 0, Time elapsed: 0.016 sec
Running fr.unice.polytech.isa.dd.teamH.entities.DroneFactoryTest
Tests run: 4, Failures: 0, Errors: 0, Skipped: 0, Time elapsed: 0 sec
Running fr.unice.polytech.isa.dd.teamH.entities.PlanningEntryTest
Tests run: 2, Failures: 0, Errors: 0, Skipped: 0, Time elapsed: 0 sec

Results :

Tests run: 11, Failures: 0, Errors: 0, Skipped: 0

[INFO] 
[INFO] --- maven-jar-plugin:2.4:jar (default-jar) @ Core ---
[INFO] Building jar: C:\Users\Triagon\Desktop\Work\Polytech\ISA-DevOps\DevOps\projet-isa-devops-20-team-H-20\j2e\Core\target\dd-core.jar
Terminer le programme de commandes (O/N)ÿ? 